  [1m[35m (0.3ms)[0m  [1m[34mSELECT pg_try_advisory_lock(8455702155634078800);[0m
  [1m[36mActiveRecord::SchemaMigration Load (1.6ms)[0m  [1m[34mSELECT "schema_migrations".* FROM "schema_migrations"[0m
Migrating to CreateQuiestionOptions (20170208073405)
  [1m[35m (0.3ms)[0m  [1m[34mSELECT pg_advisory_unlock(8455702155634078800)[0m
  [1m[36mActiveRecord::SchemaMigration Load (0.6ms)[0m  [1m[34mSELECT "schema_migrations".* FROM "schema_migrations"[0m
  [1m[35m (1.9ms)[0m  [1m[34mSELECT "ar_internal_metadata"."value" FROM "ar_internal_metadata" WHERE "ar_internal_metadata"."key" = $1[0m  [["key", :environment]]
  [1m[36mActiveRecord::SchemaMigration Load (0.2ms)[0m  [1m[34mSELECT "schema_migrations".* FROM "schema_migrations"[0m
  [1m[35m (0.2ms)[0m  [1m[34mSELECT "ar_internal_metadata"."value" FROM "ar_internal_metadata" WHERE "ar_internal_metadata"."key" = $1[0m  [["key", :environment]]
  [1m[36mActiveRecord::SchemaMigration Load (0.2ms)[0m  [1m[34mSELECT "schema_migrations".* FROM "schema_migrations"[0m
  [1m[35m (0.2ms)[0m  [1m[34mSELECT "ar_internal_metadata"."value" FROM "ar_internal_metadata" WHERE "ar_internal_metadata"."key" = $1[0m  [["key", :environment]]
  [1m[35m (214.1ms)[0m  [1m[35mDROP DATABASE IF EXISTS "yourdalarna_development"[0m
  [1m[35m (203.7ms)[0m  [1m[35mDROP DATABASE IF EXISTS "yourdalarna_test"[0m
  [1m[35m (747.1ms)[0m  [1m[35mCREATE DATABASE "yourdalarna_development" ENCODING = 'unicode'[0m
  [1m[35m (369.5ms)[0m  [1m[35mCREATE DATABASE "yourdalarna_test" ENCODING = 'unicode'[0m
  [1m[35mSQL (0.4ms)[0m  [1m[35mCREATE EXTENSION IF NOT EXISTS "plpgsql"[0m
  [1m[35m (5.8ms)[0m  [1m[35mCREATE TABLE "activities" ("id" serial primary key, "description" text DEFAULT '' NOT NULL, "trip_route_id" integer, "created_at" timestamp NOT NULL, "updated_at" timestamp NOT NULL, "title" character varying DEFAULT '' NOT NULL, "image_file_name" character varying, "image_content_type" character varying, "image_file_size" integer, "image_updated_at" timestamp)[0m
  [1m[35m (3.4ms)[0m  [1m[35mCREATE TABLE "feedbacks" ("id" serial primary key, "body" text DEFAULT '' NOT NULL, "activity_id" integer, "created_at" timestamp NOT NULL, "updated_at" timestamp NOT NULL)[0m
  [1m[35m (0.9ms)[0m  [1m[35mCREATE  INDEX  "index_feedbacks_on_activity_id" ON "feedbacks" USING btree ("activity_id")[0m
  [1m[35m (3.3ms)[0m  [1m[35mCREATE TABLE "questions" ("id" serial primary key, "body" text DEFAULT '' NOT NULL, "activity_id" integer, "created_at" timestamp NOT NULL, "updated_at" timestamp NOT NULL)[0m
  [1m[35m (1.0ms)[0m  [1m[35mCREATE  INDEX  "index_questions_on_activity_id" ON "questions" USING btree ("activity_id")[0m
  [1m[35m (3.4ms)[0m  [1m[35mCREATE TABLE "question_options" ("id" serial primary key, "body" character varying DEFAULT '' NOT NULL, "right_answer" boolean DEFAULT 'f' NOT NULL, "question_id" integer, "created_at" timestamp NOT NULL, "updated_at" timestamp NOT NULL)[0m
  [1m[35m (1.1ms)[0m  [1m[35mCREATE  INDEX  "index_question_options_on_question_id" ON "question_options" USING btree ("question_id")[0m
  [1m[35m (2.3ms)[0m  [1m[35mCREATE TABLE "trip_route_activities" ("id" serial primary key, "trip_route_id" integer, "activity_id" integer, "created_at" timestamp NOT NULL, "updated_at" timestamp NOT NULL)[0m
  [1m[35m (1.1ms)[0m  [1m[35mCREATE  INDEX  "index_trip_route_activities_on_activity_id" ON "trip_route_activities" USING btree ("activity_id")[0m
  [1m[35m (0.9ms)[0m  [1m[35mCREATE  INDEX  "index_trip_route_activities_on_trip_route_id" ON "trip_route_activities" USING btree ("trip_route_id")[0m
  [1m[35m (4.4ms)[0m  [1m[35mCREATE TABLE "trip_routes" ("id" serial primary key, "transport" integer NOT NULL, "user_id" integer, "created_at" timestamp NOT NULL, "updated_at" timestamp NOT NULL)[0m
  [1m[35m (1.0ms)[0m  [1m[35mCREATE  INDEX  "index_trip_routes_on_user_id" ON "trip_routes" USING btree ("user_id")[0m
  [1m[35m (3.5ms)[0m  [1m[35mCREATE TABLE "trivia" ("id" serial primary key, "body" text DEFAULT '' NOT NULL, "activity_id" integer, "created_at" timestamp NOT NULL, "updated_at" timestamp NOT NULL)[0m
  [1m[35m (1.2ms)[0m  [1m[35mCREATE  INDEX  "index_trivia_on_activity_id" ON "trivia" USING btree ("activity_id")[0m
  [1m[35m (4.5ms)[0m  [1m[35mCREATE TABLE "users" ("id" serial primary key, "email" character varying DEFAULT '' NOT NULL, "encrypted_password" character varying DEFAULT '' NOT NULL, "reset_password_token" character varying, "reset_password_sent_at" timestamp, "remember_created_at" timestamp, "sign_in_count" integer DEFAULT 0 NOT NULL, "current_sign_in_at" timestamp, "last_sign_in_at" timestamp, "current_sign_in_ip" inet, "last_sign_in_ip" inet, "created_at" timestamp NOT NULL, "updated_at" timestamp NOT NULL, "avatar_file_name" character varying, "avatar_content_type" character varying, "avatar_file_size" integer, "avatar_updated_at" timestamp)[0m
  [1m[35m (1.0ms)[0m  [1m[35mCREATE UNIQUE INDEX  "index_users_on_email" ON "users" USING btree ("email")[0m
  [1m[35m (0.8ms)[0m  [1m[35mCREATE UNIQUE INDEX  "index_users_on_reset_password_token" ON "users" USING btree ("reset_password_token")[0m
  [1m[35m (2.1ms)[0m  [1m[35mALTER TABLE "activities" ADD CONSTRAINT "fk_rails_6640e1e0b2"
FOREIGN KEY ("trip_route_id")
  REFERENCES "trip_routes" ("id")
[0m
  [1m[35m (1.4ms)[0m  [1m[35mALTER TABLE "feedbacks" ADD CONSTRAINT "fk_rails_e81fca5d4c"
FOREIGN KEY ("activity_id")
  REFERENCES "activities" ("id")
[0m
  [1m[35m (1.7ms)[0m  [1m[35mALTER TABLE "questions" ADD CONSTRAINT "fk_rails_553dbb8113"
FOREIGN KEY ("activity_id")
  REFERENCES "activities" ("id")
[0m
  [1m[35m (3.6ms)[0m  [1m[35mALTER TABLE "question_options" ADD CONSTRAINT "fk_rails_b9c5f61cf9"
FOREIGN KEY ("question_id")
  REFERENCES "questions" ("id")
[0m
  [1m[35m (1.6ms)[0m  [1m[35mALTER TABLE "trip_route_activities" ADD CONSTRAINT "fk_rails_1481aba04b"
FOREIGN KEY ("activity_id")
  REFERENCES "activities" ("id")
[0m
  [1m[35m (1.2ms)[0m  [1m[35mALTER TABLE "trip_route_activities" ADD CONSTRAINT "fk_rails_e626a13463"
FOREIGN KEY ("trip_route_id")
  REFERENCES "trip_routes" ("id")
[0m
  [1m[35m (2.4ms)[0m  [1m[35mALTER TABLE "trip_routes" ADD CONSTRAINT "fk_rails_611580f1a9"
FOREIGN KEY ("user_id")
  REFERENCES "users" ("id")
[0m
  [1m[35m (1.4ms)[0m  [1m[35mALTER TABLE "trivia" ADD CONSTRAINT "fk_rails_4b85994144"
FOREIGN KEY ("activity_id")
  REFERENCES "activities" ("id")
[0m
  [1m[35m (4.4ms)[0m  [1m[35mCREATE TABLE "schema_migrations" ("version" character varying PRIMARY KEY)[0m
  [1m[35m (0.4ms)[0m  [1m[34mSELECT version FROM "schema_migrations"[0m
  [1m[35m (0.5ms)[0m  [1m[32mINSERT INTO "schema_migrations" (version) VALUES ('20170302091857')[0m
  [1m[35m (0.4ms)[0m  [1m[32mINSERT INTO schema_migrations (version) VALUES
('20170207125500'),
('20170207130157'),
('20170207130955'),
('20170207134418'),
('20170207134626'),
('20170207134929'),
('20170208073405'),
('20170208074735'),
('20170224124102'),
('20170226114330');

[0m
  [1m[35m (2.4ms)[0m  [1m[35mCREATE TABLE "ar_internal_metadata" ("key" character varying PRIMARY KEY, "value" character varying, "created_at" timestamp NOT NULL, "updated_at" timestamp NOT NULL)[0m
  [1m[36mActiveRecord::InternalMetadata Load (0.3ms)[0m  [1m[34mSELECT  "ar_internal_metadata".* FROM "ar_internal_metadata" WHERE "ar_internal_metadata"."key" = $1 LIMIT $2[0m  [["key", :environment], ["LIMIT", 1]]
  [1m[35m (0.1ms)[0m  [1m[35mBEGIN[0m
  [1m[35mSQL (0.4ms)[0m  [1m[32mINSERT INTO "ar_internal_metadata" ("key", "value", "created_at", "updated_at") VALUES ($1, $2, $3, $4) RETURNING "key"[0m  [["key", "environment"], ["value", "development"], ["created_at", 2017-03-02 13:05:31 UTC], ["updated_at", 2017-03-02 13:05:31 UTC]]
  [1m[35m (0.3ms)[0m  [1m[35mCOMMIT[0m
  [1m[36mActiveRecord::InternalMetadata Load (0.2ms)[0m  [1m[34mSELECT  "ar_internal_metadata".* FROM "ar_internal_metadata" WHERE "ar_internal_metadata"."key" = $1 LIMIT $2[0m  [["key", :environment], ["LIMIT", 1]]
  [1m[35m (0.1ms)[0m  [1m[35mBEGIN[0m
  [1m[35m (0.1ms)[0m  [1m[35mCOMMIT[0m
  [1m[35mSQL (0.3ms)[0m  [1m[35mCREATE EXTENSION IF NOT EXISTS "plpgsql"[0m
  [1m[35m (5.9ms)[0m  [1m[35mCREATE TABLE "activities" ("id" serial primary key, "description" text DEFAULT '' NOT NULL, "trip_route_id" integer, "created_at" timestamp NOT NULL, "updated_at" timestamp NOT NULL, "title" character varying DEFAULT '' NOT NULL, "image_file_name" character varying, "image_content_type" character varying, "image_file_size" integer, "image_updated_at" timestamp)[0m
  [1m[35m (3.4ms)[0m  [1m[35mCREATE TABLE "feedbacks" ("id" serial primary key, "body" text DEFAULT '' NOT NULL, "activity_id" integer, "created_at" timestamp NOT NULL, "updated_at" timestamp NOT NULL)[0m
  [1m[35m (1.0ms)[0m  [1m[35mCREATE  INDEX  "index_feedbacks_on_activity_id" ON "feedbacks" USING btree ("activity_id")[0m
  [1m[35m (3.2ms)[0m  [1m[35mCREATE TABLE "questions" ("id" serial primary key, "body" text DEFAULT '' NOT NULL, "activity_id" integer, "created_at" timestamp NOT NULL, "updated_at" timestamp NOT NULL)[0m
  [1m[35m (1.2ms)[0m  [1m[35mCREATE  INDEX  "index_questions_on_activity_id" ON "questions" USING btree ("activity_id")[0m
  [1m[35m (3.5ms)[0m  [1m[35mCREATE TABLE "question_options" ("id" serial primary key, "body" character varying DEFAULT '' NOT NULL, "right_answer" boolean DEFAULT 'f' NOT NULL, "question_id" integer, "created_at" timestamp NOT NULL, "updated_at" timestamp NOT NULL)[0m
  [1m[35m (1.6ms)[0m  [1m[35mCREATE  INDEX  "index_question_options_on_question_id" ON "question_options" USING btree ("question_id")[0m
  [1m[35m (2.2ms)[0m  [1m[35mCREATE TABLE "trip_route_activities" ("id" serial primary key, "trip_route_id" integer, "activity_id" integer, "created_at" timestamp NOT NULL, "updated_at" timestamp NOT NULL)[0m
  [1m[35m (1.0ms)[0m  [1m[35mCREATE  INDEX  "index_trip_route_activities_on_activity_id" ON "trip_route_activities" USING btree ("activity_id")[0m
  [1m[35m (1.2ms)[0m  [1m[35mCREATE  INDEX  "index_trip_route_activities_on_trip_route_id" ON "trip_route_activities" USING btree ("trip_route_id")[0m
  [1m[35m (2.3ms)[0m  [1m[35mCREATE TABLE "trip_routes" ("id" serial primary key, "transport" integer NOT NULL, "user_id" integer, "created_at" timestamp NOT NULL, "updated_at" timestamp NOT NULL)[0m
  [1m[35m (1.0ms)[0m  [1m[35mCREATE  INDEX  "index_trip_routes_on_user_id" ON "trip_routes" USING btree ("user_id")[0m
  [1m[35m (3.5ms)[0m  [1m[35mCREATE TABLE "trivia" ("id" serial primary key, "body" text DEFAULT '' NOT NULL, "activity_id" integer, "created_at" timestamp NOT NULL, "updated_at" timestamp NOT NULL)[0m
  [1m[35m (0.9ms)[0m  [1m[35mCREATE  INDEX  "index_trivia_on_activity_id" ON "trivia" USING btree ("activity_id")[0m
  [1m[35m (4.1ms)[0m  [1m[35mCREATE TABLE "users" ("id" serial primary key, "email" character varying DEFAULT '' NOT NULL, "encrypted_password" character varying DEFAULT '' NOT NULL, "reset_password_token" character varying, "reset_password_sent_at" timestamp, "remember_created_at" timestamp, "sign_in_count" integer DEFAULT 0 NOT NULL, "current_sign_in_at" timestamp, "last_sign_in_at" timestamp, "current_sign_in_ip" inet, "last_sign_in_ip" inet, "created_at" timestamp NOT NULL, "updated_at" timestamp NOT NULL, "avatar_file_name" character varying, "avatar_content_type" character varying, "avatar_file_size" integer, "avatar_updated_at" timestamp)[0m
  [1m[35m (3.0ms)[0m  [1m[35mCREATE UNIQUE INDEX  "index_users_on_email" ON "users" USING btree ("email")[0m
  [1m[35m (1.0ms)[0m  [1m[35mCREATE UNIQUE INDEX  "index_users_on_reset_password_token" ON "users" USING btree ("reset_password_token")[0m
  [1m[35m (2.3ms)[0m  [1m[35mALTER TABLE "activities" ADD CONSTRAINT "fk_rails_6640e1e0b2"
FOREIGN KEY ("trip_route_id")
  REFERENCES "trip_routes" ("id")
[0m
  [1m[35m (1.7ms)[0m  [1m[35mALTER TABLE "feedbacks" ADD CONSTRAINT "fk_rails_e81fca5d4c"
FOREIGN KEY ("activity_id")
  REFERENCES "activities" ("id")
[0m
  [1m[35m (1.4ms)[0m  [1m[35mALTER TABLE "questions" ADD CONSTRAINT "fk_rails_553dbb8113"
FOREIGN KEY ("activity_id")
  REFERENCES "activities" ("id")
[0m
  [1m[35m (3.3ms)[0m  [1m[35mALTER TABLE "question_options" ADD CONSTRAINT "fk_rails_b9c5f61cf9"
FOREIGN KEY ("question_id")
  REFERENCES "questions" ("id")
[0m
  [1m[35m (1.2ms)[0m  [1m[35mALTER TABLE "trip_route_activities" ADD CONSTRAINT "fk_rails_1481aba04b"
FOREIGN KEY ("activity_id")
  REFERENCES "activities" ("id")
[0m
  [1m[35m (1.3ms)[0m  [1m[35mALTER TABLE "trip_route_activities" ADD CONSTRAINT "fk_rails_e626a13463"
FOREIGN KEY ("trip_route_id")
  REFERENCES "trip_routes" ("id")
[0m
  [1m[35m (1.6ms)[0m  [1m[35mALTER TABLE "trip_routes" ADD CONSTRAINT "fk_rails_611580f1a9"
FOREIGN KEY ("user_id")
  REFERENCES "users" ("id")
[0m
  [1m[35m (1.3ms)[0m  [1m[35mALTER TABLE "trivia" ADD CONSTRAINT "fk_rails_4b85994144"
FOREIGN KEY ("activity_id")
  REFERENCES "activities" ("id")
[0m
  [1m[35m (2.4ms)[0m  [1m[35mCREATE TABLE "schema_migrations" ("version" character varying PRIMARY KEY)[0m
  [1m[35m (0.4ms)[0m  [1m[34mSELECT version FROM "schema_migrations"[0m
  [1m[35m (0.5ms)[0m  [1m[32mINSERT INTO "schema_migrations" (version) VALUES ('20170302091857')[0m
  [1m[35m (0.4ms)[0m  [1m[32mINSERT INTO schema_migrations (version) VALUES
('20170207125500'),
('20170207130157'),
('20170207130955'),
('20170207134418'),
('20170207134626'),
('20170207134929'),
('20170208073405'),
('20170208074735'),
('20170224124102'),
('20170226114330');

[0m
  [1m[35m (2.3ms)[0m  [1m[35mCREATE TABLE "ar_internal_metadata" ("key" character varying PRIMARY KEY, "value" character varying, "created_at" timestamp NOT NULL, "updated_at" timestamp NOT NULL)[0m
  [1m[36mActiveRecord::InternalMetadata Load (0.4ms)[0m  [1m[34mSELECT  "ar_internal_metadata".* FROM "ar_internal_metadata" WHERE "ar_internal_metadata"."key" = $1 LIMIT $2[0m  [["key", :environment], ["LIMIT", 1]]
  [1m[35m (0.1ms)[0m  [1m[35mBEGIN[0m
  [1m[35mSQL (0.4ms)[0m  [1m[32mINSERT INTO "ar_internal_metadata" ("key", "value", "created_at", "updated_at") VALUES ($1, $2, $3, $4) RETURNING "key"[0m  [["key", "environment"], ["value", "development"], ["created_at", 2017-03-02 13:05:31 UTC], ["updated_at", 2017-03-02 13:05:31 UTC]]
  [1m[35m (0.3ms)[0m  [1m[35mCOMMIT[0m
  [1m[36mActiveRecord::InternalMetadata Load (0.3ms)[0m  [1m[34mSELECT  "ar_internal_metadata".* FROM "ar_internal_metadata" WHERE "ar_internal_metadata"."key" = $1 LIMIT $2[0m  [["key", :environment], ["LIMIT", 1]]
  [1m[35m (0.1ms)[0m  [1m[35mBEGIN[0m
  [1m[35m (0.1ms)[0m  [1m[35mCOMMIT[0m
  [1m[36mActiveRecord::SchemaMigration Load (0.6ms)[0m  [1m[34mSELECT "schema_migrations".* FROM "schema_migrations"[0m
  [1m[35m (0.9ms)[0m  [1m[34mSELECT pg_try_advisory_lock(8455702155634078800);[0m
  [1m[36mActiveRecord::SchemaMigration Load (0.5ms)[0m  [1m[34mSELECT "schema_migrations".* FROM "schema_migrations"[0m
  [1m[36mActiveRecord::InternalMetadata Load (0.5ms)[0m  [1m[34mSELECT  "ar_internal_metadata".* FROM "ar_internal_metadata" WHERE "ar_internal_metadata"."key" = $1 LIMIT $2[0m  [["key", :environment], ["LIMIT", 1]]
  [1m[35m (0.1ms)[0m  [1m[35mBEGIN[0m
  [1m[35m (0.1ms)[0m  [1m[35mCOMMIT[0m
  [1m[35m (0.2ms)[0m  [1m[34mSELECT pg_advisory_unlock(8455702155634078800)[0m
  [1m[36mActiveRecord::SchemaMigration Load (0.2ms)[0m  [1m[34mSELECT "schema_migrations".* FROM "schema_migrations"[0m
